ERROR - Address: Hialeah Plan, Elliott Farm, 45140 / Status 508: No exact match found for input address.
ERROR - Address: Brennan Plan, Elliott Farm, 45140 / Status 508: No exact match found for input address.
ERROR - Address: Morrison Plan, Madingley Falls, 45140 / Status 508: No exact match found for input address.
ERROR - Address: Barrett Plan, Madingley Falls, 45140 / Status 508: No exact match found for input address.
ERROR - Address: Hartwell Plan, Miami Trails, 45140 / Status 508: No exact match found for input address.
ERROR - Address: Lyndhurst Plan, Elliott Farm, 45140 / Status 508: No exact match found for input address.
ERROR - Address: Buchanan Plan, Miami Trails, 45140 / Status 508: No exact match found for input address.
ERROR - Address: Bennett Plan, Elliott Farm, 45140 / Status 508: No exact match found for input address.
ERROR - Address: Naples Plan, Legacy at Elliott Farm, 45140 / Status 508: No exact match found for input address.
ERROR - Address: Cheswicke Plan, Madingley Falls, 45140 / Status 508: No exact match found for input address.
ERROR - Address: Crestwood Plan, Elliott Farm, 45140 / Status 508: No exact match found for input address.
ERROR - Address: Aviano Plan, Willow Brook Farm, 45140 / Status 508: No exact match found for input address.
ERROR - Address: Sorrel Classic Plan, Madingley Falls, 45140 / Status 508: No exact match found for input address.
ERROR - Address: Sarasota Plan, Legacy at Elliott Farm, 45140 / Status 508: No exact match found for input address.
ERROR - Address: Monroe Plan, Madingley Falls, 45140 / Status 508: No exact match found for input address.
ERROR - Address: Beachwood Plan, Legacy at Elliott Farm, 45140 / Status 508: No exact match found for input address.
ERROR - Address: Clearwater Plan, Legacy at Elliott Farm, 45140 / Status 508: No exact match found for input address.
ERROR - Address: Roanoke Plan, Willow Brook Farm, 45140 / Status 508: No exact match found for input address.
ERROR - Address: Serenity Plan, Madingley Falls, 45140 / Status 508: No exact match found for input address.
ERROR - Address: Ainsley II Plan, Madingley Falls, 45140 / Status 508: No exact match found for input address.
ERROR - Address: Cooke Plan, Madingley Falls, 45140 / Status 508: No exact match found for input address.
ERROR - Address: Ash Lawn Plan, Miami Trails, 45140 / Status 508: No exact match found for input address.
ERROR - Address: Windsor II Plan, Madingley Falls, 45140 / Status 508: No exact match found for input address.
ERROR - Address: Ash Lawn Plan, Elliott Farm, 45140 / Status 508: No exact match found for input address.
ERROR - Address: Quentin Plan, Elliott Farm, 45140 / Status 508: No exact match found for input address.
